{"/node/node-lessons/lesson5/test.js":{"path":"/node/node-lessons/lesson5/test.js","s":{"1":1,"2":1,"3":1,"4":1,"5":1,"6":1,"7":1,"8":1,"9":1,"10":1,"11":1,"12":1,"13":1,"14":1,"15":1,"16":1,"17":1,"18":1,"19":1,"20":1,"21":1,"22":1},"b":{},"f":{"1":1,"2":1,"3":1,"4":1,"5":1,"6":1,"7":1,"8":1,"9":1,"10":1,"11":1,"12":1,"13":1,"14":1},"fnMap":{"1":{"name":"(anonymous_1)","line":4,"loc":{"start":{"line":4,"column":20},"end":{"line":4,"column":30}}},"2":{"name":"(anonymous_2)","line":5,"loc":{"start":{"line":5,"column":37},"end":{"line":5,"column":47}}},"3":{"name":"(anonymous_3)","line":9,"loc":{"start":{"line":9,"column":20},"end":{"line":9,"column":30}}},"4":{"name":"(anonymous_4)","line":10,"loc":{"start":{"line":10,"column":35},"end":{"line":10,"column":45}}},"5":{"name":"(anonymous_5)","line":14,"loc":{"start":{"line":14,"column":20},"end":{"line":14,"column":30}}},"6":{"name":"(anonymous_6)","line":15,"loc":{"start":{"line":15,"column":35},"end":{"line":15,"column":45}}},"7":{"name":"(anonymous_7)","line":19,"loc":{"start":{"line":19,"column":20},"end":{"line":19,"column":30}}},"8":{"name":"(anonymous_8)","line":20,"loc":{"start":{"line":20,"column":31},"end":{"line":20,"column":41}}},"9":{"name":"(anonymous_9)","line":21,"loc":{"start":{"line":21,"column":3},"end":{"line":21,"column":13}}},"10":{"name":"(anonymous_10)","line":24,"loc":{"start":{"line":24,"column":20},"end":{"line":24,"column":30}}},"11":{"name":"(anonymous_11)","line":25,"loc":{"start":{"line":25,"column":46},"end":{"line":25,"column":56}}},"12":{"name":"(anonymous_12)","line":26,"loc":{"start":{"line":26,"column":3},"end":{"line":26,"column":13}}},"13":{"name":"(anonymous_13)","line":29,"loc":{"start":{"line":29,"column":20},"end":{"line":29,"column":30}}},"14":{"name":"(anonymous_14)","line":30,"loc":{"start":{"line":30,"column":42},"end":{"line":30,"column":52}}}},"statementMap":{"1":{"start":{"line":1,"column":0},"end":{"line":1,"column":28}},"2":{"start":{"line":2,"column":0},"end":{"line":2,"column":31}},"3":{"start":{"line":4,"column":0},"end":{"line":9,"column":0}},"4":{"start":{"line":5,"column":1},"end":{"line":7,"column":4}},"5":{"start":{"line":6,"column":2},"end":{"line":6,"column":38}},"6":{"start":{"line":9,"column":0},"end":{"line":14,"column":0}},"7":{"start":{"line":10,"column":1},"end":{"line":13,"column":0}},"8":{"start":{"line":11,"column":2},"end":{"line":11,"column":36}},"9":{"start":{"line":14,"column":0},"end":{"line":19,"column":0}},"10":{"start":{"line":15,"column":1},"end":{"line":18,"column":0}},"11":{"start":{"line":16,"column":2},"end":{"line":16,"column":36}},"12":{"start":{"line":19,"column":0},"end":{"line":24,"column":0}},"13":{"start":{"line":20,"column":1},"end":{"line":23,"column":0}},"14":{"start":{"line":21,"column":2},"end":{"line":21,"column":64}},"15":{"start":{"line":21,"column":14},"end":{"line":21,"column":32}},"16":{"start":{"line":24,"column":0},"end":{"line":29,"column":0}},"17":{"start":{"line":25,"column":1},"end":{"line":28,"column":0}},"18":{"start":{"line":26,"column":2},"end":{"line":26,"column":69}},"19":{"start":{"line":26,"column":14},"end":{"line":26,"column":36}},"20":{"start":{"line":29,"column":0},"end":{"line":35,"column":0}},"21":{"start":{"line":30,"column":1},"end":{"line":33,"column":0}},"22":{"start":{"line":31,"column":2},"end":{"line":31,"column":37}}},"branchMap":{}},"/node/node-lessons/lesson5/app.js":{"path":"/node/node-lessons/lesson5/app.js","s":{"1":1,"2":358,"3":1,"4":357,"5":69,"6":288,"7":111,"8":177,"9":1,"10":176,"11":1,"12":0,"13":0,"14":1},"b":{"1":[1,357],"2":[69,288],"3":[111,177],"4":[1,176],"5":[0,1]},"f":{"1":358},"fnMap":{"1":{"name":"(anonymous_1)","line":1,"loc":{"start":{"line":1,"column":16},"end":{"line":1,"column":27}}}},"statementMap":{"1":{"start":{"line":1,"column":0},"end":{"line":15,"column":2}},"2":{"start":{"line":2,"column":1},"end":{"line":4,"column":2}},"3":{"start":{"line":3,"column":2},"end":{"line":3,"column":35}},"4":{"start":{"line":5,"column":1},"end":{"line":7,"column":2}},"5":{"start":{"line":6,"column":2},"end":{"line":6,"column":11}},"6":{"start":{"line":8,"column":1},"end":{"line":10,"column":2}},"7":{"start":{"line":9,"column":2},"end":{"line":9,"column":11}},"8":{"start":{"line":11,"column":1},"end":{"line":13,"column":2}},"9":{"start":{"line":12,"column":2},"end":{"line":12,"column":34}},"10":{"start":{"line":14,"column":1},"end":{"line":15,"column":0}},"11":{"start":{"line":16,"column":0},"end":{"line":19,"column":1}},"12":{"start":{"line":17,"column":1},"end":{"line":17,"column":33}},"13":{"start":{"line":18,"column":1},"end":{"line":19,"column":0}},"14":{"start":{"line":20,"column":0},"end":{"line":20,"column":30}}},"branchMap":{"1":{"line":2,"type":"if","locations":[{"start":{"line":2,"column":1},"end":{"line":2,"column":1}},{"start":{"line":2,"column":1},"end":{"line":2,"column":1}}]},"2":{"line":5,"type":"if","locations":[{"start":{"line":5,"column":1},"end":{"line":5,"column":1}},{"start":{"line":5,"column":1},"end":{"line":5,"column":1}}]},"3":{"line":8,"type":"if","locations":[{"start":{"line":8,"column":1},"end":{"line":8,"column":1}},{"start":{"line":8,"column":1},"end":{"line":8,"column":1}}]},"4":{"line":11,"type":"if","locations":[{"start":{"line":11,"column":1},"end":{"line":11,"column":1}},{"start":{"line":11,"column":1},"end":{"line":11,"column":1}}]},"5":{"line":16,"type":"if","locations":[{"start":{"line":16,"column":0},"end":{"line":16,"column":0}},{"start":{"line":16,"column":0},"end":{"line":16,"column":0}}]}}}}