TN:
SF:/node/node-lessons/lesson5/test.js
FN:4,(anonymous_1)
FN:5,(anonymous_2)
FN:9,(anonymous_3)
FN:10,(anonymous_4)
FN:14,(anonymous_5)
FN:15,(anonymous_6)
FN:19,(anonymous_7)
FN:20,(anonymous_8)
FN:21,(anonymous_9)
FN:24,(anonymous_10)
FN:25,(anonymous_11)
FN:26,(anonymous_12)
FN:29,(anonymous_13)
FN:30,(anonymous_14)
FNF:14
FNH:14
FNDA:1,(anonymous_1)
FNDA:1,(anonymous_2)
FNDA:1,(anonymous_3)
FNDA:1,(anonymous_4)
FNDA:1,(anonymous_5)
FNDA:1,(anonymous_6)
FNDA:1,(anonymous_7)
FNDA:1,(anonymous_8)
FNDA:1,(anonymous_9)
FNDA:1,(anonymous_10)
FNDA:1,(anonymous_11)
FNDA:1,(anonymous_12)
FNDA:1,(anonymous_13)
FNDA:1,(anonymous_14)
DA:1,1
DA:2,1
DA:4,1
DA:5,1
DA:6,1
DA:9,1
DA:10,1
DA:11,1
DA:14,1
DA:15,1
DA:16,1
DA:19,1
DA:20,1
DA:21,1
DA:24,1
DA:25,1
DA:26,1
DA:29,1
DA:30,1
DA:31,1
LF:20
LH:20
BRF:0
BRH:0
end_of_record
TN:
SF:/node/node-lessons/lesson5/app.js
FN:1,(anonymous_1)
FNF:1
FNH:1
FNDA:358,(anonymous_1)
DA:1,1
DA:2,358
DA:3,1
DA:5,357
DA:6,69
DA:8,288
DA:9,111
DA:11,177
DA:12,1
DA:14,176
DA:16,1
DA:17,0
DA:18,0
DA:20,1
LF:14
LH:12
BRDA:2,1,0,1
BRDA:2,1,1,357
BRDA:5,2,0,69
BRDA:5,2,1,288
BRDA:8,3,0,111
BRDA:8,3,1,177
BRDA:11,4,0,1
BRDA:11,4,1,176
BRDA:16,5,0,0
BRDA:16,5,1,1
BRF:10
BRH:9
end_of_record
